<?xml version="1.0" encoding="UTF-8"?>
<!-- Generated by org.testng.reporters.JUnitXMLReporter -->
<testsuite ignored="1" hostname="DESKTOP-4ILC6H1" failures="0" tests="3" name="ConfigurationAnnotations" time="0.047" errors="0" timestamp="2023-06-10T22:26:53 PST">
  <testcase classname="DemoTestNG.ConfigurationAnnotations_1_DatePickers" name="test1_BootstrapDatePicker" time="0.004"/>
  <testcase classname="DemoTestNG.ConfigurationAnnotations_2_ListBox" name="test1_BootstrapListBox" time="0.0"/>
  <testcase classname="DemoTestNG.ConfigurationAnnotations_2_ListBox" name="test1_JQueryListBox" time="0.001"/>
  <testcase classname="DemoTestNG.ConfigurationAnnotations_1_DatePickers" name="test2_JQueryDatePicker" time="0.0">
    <ignored/>
  </testcase> <!-- test2_JQueryDatePicker -->
</testsuite> <!-- ConfigurationAnnotations -->
