<?xml version="1.0" encoding="UTF-8"?>
<!-- Generated by org.testng.reporters.JUnitXMLReporter -->
<testsuite ignored="0" hostname="DESKTOP-4ILC6H1" failures="0" tests="4" name="ConfigurationAnnotations" time="0.015" errors="0" timestamp="2023-07-11T15:00:07 PST">
  <testcase classname="DemoTestNG.ConfigurationAnnotations_1_DatePickers" name="test1_BootstrapDatePicker" time="0.001"/>
  <testcase classname="DemoTestNG.ConfigurationAnnotations_1_DatePickers" name="test2_JQueryDatePicker" time="0.001"/>
  <testcase classname="DemoTestNG.ConfigurationAnnotations_2_ListBox" name="test1_BootstrapListBox" time="0.001"/>
  <testcase classname="DemoTestNG.ConfigurationAnnotations_2_ListBox" name="test1_JQueryListBox" time="0.0"/>
</testsuite> <!-- ConfigurationAnnotations -->
