<?xml version="1.0" encoding="UTF-8"?>
<!-- Generated by org.testng.reporters.JUnitXMLReporter -->
<testsuite ignored="0" hostname="DESKTOP-4ILC6H1" failures="2" tests="2" name="NegativeTests" time="15.718" errors="0" timestamp="2023-06-10T15:58:29 PST">
  <testcase classname="com.herokuapp.internet.NegativeTests" name="invalidPasswordTest" time="7.906">
    <failure type="java.lang.AssertionError" message="The password you entered is invalid
Actual message:
Your password is invalid!
×
Expected Message:
Your password is invalid!
 expected [false] but found [true]">
      <![CDATA[java.lang.AssertionError: The password you entered is invalid
Actual message:
Your password is invalid!
×
Expected Message:
Your password is invalid!
 expected [false] but found [true]
at com.herokuapp.internet.NegativeTests.invalidPasswordTest(NegativeTests.java:103)
at java.base/java.util.ArrayList.forEach(ArrayList.java:1511)
... Removed 30 stack frames]]>
    </failure>
  </testcase> <!-- invalidPasswordTest -->
  <testcase classname="com.herokuapp.internet.NegativeTests" name="invalidUsernameTest" time="7.808">
    <failure type="java.lang.AssertionError" message="The username you entered is invalid
Actual message:
Your username is invalid!
×
Expected Message:
Your username is invalid!
 expected [false] but found [true]">
      <![CDATA[java.lang.AssertionError: The username you entered is invalid
Actual message:
Your username is invalid!
×
Expected Message:
Your username is invalid!
 expected [false] but found [true]
at com.herokuapp.internet.NegativeTests.invalidUsernameTest(NegativeTests.java:50)
at java.base/java.util.ArrayList.forEach(ArrayList.java:1511)
... Removed 30 stack frames]]>
    </failure>
  </testcase> <!-- invalidUsernameTest -->
</testsuite> <!-- NegativeTests -->
