<?xml version="1.0" encoding="UTF-8"?>
<!-- Generated by org.testng.reporters.JUnitXMLReporter -->
<testsuite ignored="1" hostname="DESKTOP-4ILC6H1" failures="0" tests="1" name="NegativeUsernameTest" time="7.136" errors="0" timestamp="2023-07-10T13:59:16 PST">
  <testcase classname="com.herokuapp.internet.logintests.LoginTests" name="negativeLoginTest" time="5.009"/>
  <testcase classname="com.herokuapp.internet.logintests.LoginTests" name="positiveLoginTest" time="0.0">
    <ignored/>
  </testcase> <!-- positiveLoginTest -->
</testsuite> <!-- NegativeUsernameTest -->
