<?xml version="1.0" encoding="UTF-8"?>
<!-- Generated by org.testng.reporters.JUnitXMLReporter -->
<testsuite ignored="1" hostname="DESKTOP-4ILC6H1" failures="0" tests="1" name="PositiveUsernameTest" time="14.073" errors="0" timestamp="2023-07-10T13:59:23 PST">
  <testcase classname="com.herokuapp.internet.logintests.LoginTests" name="positiveLoginTest" time="9.776"/>
  <testcase classname="com.herokuapp.internet.logintests.LoginTests" name="negativeLoginTest" time="0.0">
    <ignored/>
  </testcase> <!-- negativeLoginTest -->
</testsuite> <!-- PositiveUsernameTest -->
